
Start-Date: 2024-09-22  18:08:19
Commandline: apt install net-tools ssh
Install: libwrap0:armhf (7.6.q-33, automatic), ssh-import-id:armhf (5.11-0ubuntu2, automatic), openssh-client:armhf (1:9.6p1-3ubuntu13, automatic), ssh:armhf (1:9.6p1-3ubuntu13), libpsl5t64:armhf (0.21.2-1.1build1, automatic), libcbor0.10:armhf (0.10.2-1.2ubuntu2, automatic), libxmuu1:armhf (2:1.1.3-3build2, automatic), libfido2-1:armhf (1.14.0-1build3, automatic), python3-distro:armhf (1.9.0-1, automatic), libxau6:armhf (1:1.0.9-1build6, automatic), libxcb1:armhf (1.15-1ubuntu2, automatic), openssh-server:armhf (1:9.6p1-3ubuntu13, automatic), wget:armhf (1.21.4-1ubuntu4, automatic), publicsuffix:armhf (20231001.0357-0.1, automatic), libx11-data:armhf (2:1.8.7-1build1, automatic), xauth:armhf (1:1.1.2-1build1, automatic), net-tools:armhf (2.10-0.1ubuntu4), openssh-sftp-server:armhf (1:9.6p1-3ubuntu13, automatic), libxext6:armhf (2:1.3.4-1build2, automatic), libx11-6:armhf (2:1.8.7-1build1, automatic), ncurses-term:armhf (6.4+20240113-1ubuntu2, automatic), libedit2:armhf (3.1-20230828-1build1, automatic), libxdmcp6:armhf (1:1.1.3-0ubuntu6, automatic)
End-Date: 2024-09-22  18:09:27

Start-Date: 2024-09-22  18:15:09
Commandline: apt-get install nano
Install: nano:armhf (7.2-2build1)
End-Date: 2024-09-22  18:15:11

Start-Date: 2024-09-22  18:42:41
Commandline: apt-get install busybox
Install: busybox-static:armhf (1:1.36.1-6ubuntu3)
End-Date: 2024-09-22  18:42:43

Start-Date: 2024-09-22  18:59:38
Commandline: apt-get install isc-dhcp-client
Install: isc-dhcp-common:armhf (4.4.3-P1-4ubuntu2, automatic), isc-dhcp-client:armhf (4.4.3-P1-4ubuntu2)
End-Date: 2024-09-22  18:59:41

Start-Date: 2024-09-22  19:45:23
Commandline: apt-get install fdisk
Install: fdisk:armhf (2.39.3-9ubuntu6.1)
Upgrade: libsmartcols1:armhf (2.39.3-9ubuntu6, 2.39.3-9ubuntu6.1), libmount1:armhf (2.39.3-9ubuntu6, 2.39.3-9ubuntu6.1), util-linux:armhf (2.39.3-9ubuntu6, 2.39.3-9ubuntu6.1), libfdisk1:armhf (2.39.3-9ubuntu6, 2.39.3-9ubuntu6.1), eject:armhf (2.39.3-9ubuntu6, 2.39.3-9ubuntu6.1), libuuid1:armhf (2.39.3-9ubuntu6, 2.39.3-9ubuntu6.1), mount:armhf (2.39.3-9ubuntu6, 2.39.3-9ubuntu6.1), libblkid1:armhf (2.39.3-9ubuntu6, 2.39.3-9ubuntu6.1), bsdutils:armhf (1:2.39.3-9ubuntu6, 1:2.39.3-9ubuntu6.1)
End-Date: 2024-09-22  19:45:43

Start-Date: 2024-09-22  19:53:14
Commandline: apt-get install file
Install: libmagic-mgc:armhf (1:5.45-3build1, automatic), file:armhf (1:5.45-3build1), libmagic1t64:armhf (1:5.45-3build1, automatic)
End-Date: 2024-09-22  19:53:18
