Font directories:
	/usr/share/fonts
	/usr/local/share/fonts
	/usr/share/fonts/X11
	/usr/share/fonts/truetype
	/usr/share/fonts/X11/Type1
	/usr/share/fonts/X11/encodings
	/usr/share/fonts/X11/misc
	/usr/share/fonts/X11/util
	/usr/share/fonts/truetype/dejavu
	/usr/share/fonts/X11/encodings/large
/usr/share/fonts: skipping, existing cache is valid: 0 fonts, 2 dirs
/usr/share/fonts/X11: skipping, existing cache is valid: 0 fonts, 4 dirs
/usr/share/fonts/X11/Type1: skipping, existing cache is valid: 8 fonts, 0 dirs
/usr/share/fonts/X11/encodings: skipping, existing cache is valid: 0 fonts, 1 dirs
/usr/share/fonts/X11/encodings/large: skipping, existing cache is valid: 0 fonts, 0 dirs
/usr/share/fonts/X11/misc: skipping, existing cache is valid: 89 fonts, 0 dirs
/usr/share/fonts/X11/util: skipping, existing cache is valid: 0 fonts, 0 dirs
/usr/share/fonts/truetype: skipping, existing cache is valid: 0 fonts, 1 dirs
/usr/share/fonts/truetype/dejavu: skipping, existing cache is valid: 8 fonts, 0 dirs
/usr/local/share/fonts: skipping, existing cache is valid: 0 fonts, 0 dirs
/usr/share/fonts/X11: skipping, looped directory detected
/usr/share/fonts/truetype: skipping, looped directory detected
/usr/share/fonts/X11/Type1: skipping, looped directory detected
/usr/share/fonts/X11/encodings: skipping, looped directory detected
/usr/share/fonts/X11/misc: skipping, looped directory detected
/usr/share/fonts/X11/util: skipping, looped directory detected
/usr/share/fonts/truetype/dejavu: skipping, looped directory detected
/usr/share/fonts/X11/encodings/large: skipping, looped directory detected
/var/cache/fontconfig: cleaning cache directory
fc-cache: succeeded
